All qscores list:
[1.09548558e+10 1.11797193e+10 1.22712753e+10 1.25659978e+10
 1.27505281e+10 1.37854157e+10 1.38060111e+10 1.38883726e+10
 1.39617417e+10 1.39184316e+10 1.39553553e+10 1.39685946e+10
 1.39163498e+10 1.39474121e+10 1.38937978e+10 1.38072189e+10
 1.38470935e+10 1.38990345e+10 1.38294209e+10 1.38656766e+10
 1.38095829e+10 1.38149889e+10 1.38772103e+10 1.38833023e+10
 1.38868232e+10 1.38795812e+10 1.38692014e+10 1.38874041e+10
 1.38749575e+10 1.38575159e+10 1.38126276e+10 1.36780788e+10
 1.36470424e+10 1.35698284e+10 1.35240903e+10 1.34926129e+10
 1.34749626e+10 1.34793522e+10 1.34675045e+10 1.36061708e+10
 1.36878717e+10 1.37479034e+10 1.37456910e+10 1.38047458e+10
 1.38119174e+10 1.38046287e+10 1.38184811e+10 1.38024074e+10
 1.37982268e+10 1.37832654e+10 1.38122652e+10 1.38200783e+10
 1.38186889e+10 1.37445140e+10 1.37551397e+10 1.37839176e+10
 1.37883785e+10 1.37610688e+10 1.37487563e+10 1.37245597e+10
 1.37164321e+10 1.37322153e+10 1.37359626e+10 1.37076398e+10
 1.37198198e+10 1.36941577e+10 1.37171010e+10 1.36795005e+10
 1.36623376e+10 1.36797937e+10 1.36777483e+10 1.36534434e+10
 1.36333625e+10 1.36335284e+10 1.36317987e+10 1.35888752e+10
 1.32523700e+10 1.33981968e+10 1.35541042e+10 1.35912047e+10
 1.36364765e+10 1.36388708e+10 1.36483052e+10 1.36161255e+10
 1.35814135e+10 1.35837326e+10 1.35599406e+10 1.35621753e+10
 1.35505993e+10 1.35241813e+10 1.35107247e+10 1.34782031e+10
 1.34667493e+10 1.34516378e+10 1.33863359e+10 1.33921109e+10
 1.33925983e+10 1.33656907e+10 1.32747318e+10 1.33035765e+10
 1.25894001e+10]
Mean list:
[30.15816716 30.77720528 33.78220403 34.59356018 35.10156298 37.95055633
 38.00725456 38.23399163 38.43597301 38.3167426  38.41839143 38.4548386
 38.31101137 38.39652427 38.24892688 38.01057952 38.12035228 38.26334324
 38.07170036 38.17151073 38.01708748 38.03197003 38.20326234 38.22003321
 38.22972624 38.20978937 38.18121423 38.23132526 38.19706044 38.1490447
 38.02546936 37.65506342 37.56962167 37.35705548 37.23114082 37.14448495
 37.09589455 37.10797906 37.07536286 37.45710415 37.68202259 37.84728702
 37.84119624 38.00377114 38.02351419 38.00344885 38.04158367 37.99733382
 37.98582478 37.94463672 38.02447181 38.0459809  38.04215591 37.83795609
 37.86720817 37.94643229 37.95871272 37.88353068 37.84963481 37.78302292
 37.76064789 37.80409848 37.81441446 37.73644319 37.76997431 37.69932782
 37.76248949 37.65897705 37.6117286  37.65978437 37.65415334 37.58724316
 37.53196155 37.53241828 37.52765651 37.40949038 36.48310845 36.88456215
 37.31376742 37.41590324 37.54053435 37.54712558 37.57309807 37.48450885
 37.38894855 37.39533291 37.32983478 37.33598685 37.3041187  37.23139112
 37.1943458  37.10481563 37.07328371 37.03168262 36.85190963 36.86780801
 36.86914974 36.79507467 36.54466934 36.62407719 34.65798545]
	Command being timed: "./dist.py -f /projects/bgmp/shared/2017_sequencing/1294_S1_L008_R4_001.fastq.gz -r 363246735 -l 101"
	User time (seconds): 12667.34
	System time (seconds): 15.54
	Percent of CPU this job got: 98%
	Elapsed (wall clock) time (h:mm:ss or m:ss): 3:34:32
	Average shared text size (kbytes): 0
	Average unshared data size (kbytes): 0
	Average stack size (kbytes): 0
	Average total size (kbytes): 0
	Maximum resident set size (kbytes): 61808
	Average resident set size (kbytes): 0
	Major (requiring I/O) page faults: 0
	Minor (reclaiming a frame) page faults: 122467
	Voluntary context switches: 5758
	Involuntary context switches: 352452
	Swaps: 0
	File system inputs: 0
	File system outputs: 0
	Socket messages sent: 0
	Socket messages received: 0
	Signals delivered: 0
	Page size (bytes): 4096
	Exit status: 0
