[ 3.09767992e+001  3.13671279e+001  3.52858836e+001  3.58785572e+001
  3.59778214e+001  3.93454907e+001 -5.27553534e+285  3.89681067e+001]
	Command being timed: "./dist.py -f /projects/bgmp/shared/2017_sequencing/1294_S1_L008_R2_001.fastq.gz -r 363246735 -l 8"
	User time (seconds): 1681.77
	System time (seconds): 1.39
	Percent of CPU this job got: 99%
	Elapsed (wall clock) time (h:mm:ss or m:ss): 28:10.57
	Average shared text size (kbytes): 0
	Average unshared data size (kbytes): 0
	Average stack size (kbytes): 0
	Average total size (kbytes): 0
	Maximum resident set size (kbytes): 57480
	Average resident set size (kbytes): 0
	Major (requiring I/O) page faults: 0
	Minor (reclaiming a frame) page faults: 49204
	Voluntary context switches: 2623
	Involuntary context switches: 314651
	Swaps: 0
	File system inputs: 0
	File system outputs: 0
	Socket messages sent: 0
	Socket messages received: 0
	Signals delivered: 0
	Page size (bytes): 4096
	Exit status: 0
