All qscores list:
[1.13566556e+10 1.14213143e+10 1.28328796e+10 1.30509893e+10
 1.31126087e+10 1.43748953e+10 1.44341918e+10 1.44631374e+10
 1.45334424e+10 1.45539545e+10 1.45677846e+10 1.45730573e+10
 1.45532080e+10 1.45556732e+10 1.45564486e+10 1.45538698e+10
 1.45236863e+10 1.45348035e+10 1.45375830e+10 1.45349238e+10
 1.45237681e+10 1.45457725e+10 1.45203345e+10 1.45364842e+10
 1.45195802e+10 1.45143518e+10 1.44918799e+10 1.45012715e+10
 1.44802857e+10 1.44962206e+10 1.44610113e+10 1.44828651e+10
 1.44762453e+10 1.44918728e+10 1.44978290e+10 1.44950586e+10
 1.44913844e+10 1.44822298e+10 1.44865351e+10 1.44826088e+10
 1.44762289e+10 1.44709295e+10 1.44680202e+10 1.44664789e+10
 1.44368365e+10 1.44504177e+10 1.44540752e+10 1.44520897e+10
 1.44502479e+10 1.44483825e+10 1.44487096e+10 1.44454739e+10
 1.44164871e+10 1.44291012e+10 1.44315898e+10 1.44303610e+10
 1.44106484e+10 1.44169013e+10 1.44122200e+10 1.44083864e+10
 1.44011101e+10 1.43993926e+10 1.43806861e+10 1.43871897e+10
 1.43823910e+10 1.43776743e+10 1.43733336e+10 1.43696558e+10
 1.43643460e+10 1.43295718e+10 1.43362851e+10 1.43347437e+10
 1.43314070e+10 1.43235834e+10 1.43146160e+10 1.43059866e+10
 1.40381407e+10 1.41874890e+10 1.42311796e+10 1.42499464e+10
 1.42832312e+10 1.42855804e+10 1.42772613e+10 1.42716557e+10
 1.42650940e+10 1.42624429e+10 1.42467917e+10 1.41937826e+10
 1.42067933e+10 1.42084074e+10 1.42019733e+10 1.41863270e+10
 1.41729432e+10 1.41527455e+10 1.41437473e+10 1.41449895e+10
 1.41384400e+10 1.40582331e+10 1.40770022e+10 1.41053926e+10
 1.36828829e+10]
Mean list:
[31.26430194 31.44230414 35.32827246 35.92871739 36.0983526  39.573364
 39.73660445 39.81629026 40.00983632 40.06630511 40.10437862 40.11889415
 40.06425011 40.07103662 40.07317111 40.06607202 39.98297836 40.01358335
 40.02123505 40.01391455 39.98320345 40.04378033 39.97375098 40.01821012
 39.97167426 39.95728093 39.8954167  39.92127151 39.86349854 39.90736658
 39.81043723 39.87059952 39.85237555 39.8953974  39.91179442 39.90416764
 39.89405281 39.86885068 39.88070281 39.86989397 39.85233052 39.83774142
 39.82973229 39.82548919 39.74388512 39.78127342 39.79134226 39.78587638
 39.78080601 39.77567074 39.77657128 39.76766333 39.68786419 39.72259013
 39.72944117 39.72605846 39.67179064 39.6890045  39.67611708 39.66556349
 39.64553211 39.64080384 39.58930598 39.60720985 39.59399952 39.58101464
 39.56906489 39.55893994 39.54432231 39.44859069 39.46707218 39.46282867
 39.45364293 39.43210502 39.40741819 39.38366191 38.64629549 39.05744404
 39.17772194 39.22938594 39.32101735 39.32748463 39.30458273 39.28915058
 39.27108667 39.26378824 39.22070142 39.07476983 39.1105877  39.11503114
 39.0973184  39.05424496 39.01740024 38.96179684 38.93702517 38.94044497
 38.9224145  38.70160889 38.75327927 38.8314366  37.66828871]
	Command being timed: "./dist.py -f /projects/bgmp/shared/2017_sequencing/1294_S1_L008_R1_001.fastq.gz -r 363246735 -l 101"
	User time (seconds): 12546.43
	System time (seconds): 17.48
	Percent of CPU this job got: 98%
	Elapsed (wall clock) time (h:mm:ss or m:ss): 3:32:26
	Average shared text size (kbytes): 0
	Average unshared data size (kbytes): 0
	Average stack size (kbytes): 0
	Average total size (kbytes): 0
	Maximum resident set size (kbytes): 61860
	Average resident set size (kbytes): 0
	Major (requiring I/O) page faults: 0
	Minor (reclaiming a frame) page faults: 122476
	Voluntary context switches: 7300
	Involuntary context switches: 182261
	Swaps: 0
	File system inputs: 0
	File system outputs: 0
	Socket messages sent: 0
	Socket messages received: 0
	Signals delivered: 0
	Page size (bytes): 4096
	Exit status: 0
