	Command being timed: "./demux.py -f /projects/bgmp/shared/2017_sequencing/1294_S1_L008_R1_001.fastq.gz /projects/bgmp/shared/2017_sequencing/1294_S1_L008_R2_001.fastq.gz /projects/bgmp/shared/2017_sequencing/1294_S1_L008_R3_001.fastq.gz /projects/bgmp/shared/2017_sequencing/1294_S1_L008_R4_001.fastq.gz -ind /projects/bgmp/shared/2017_sequencing/indexes.txt"
	User time (seconds): 4851.32
	System time (seconds): 69.89
	Percent of CPU this job got: 92%
	Elapsed (wall clock) time (h:mm:ss or m:ss): 1:28:16
	Average shared text size (kbytes): 0
	Average unshared data size (kbytes): 0
	Average stack size (kbytes): 0
	Average total size (kbytes): 0
	Maximum resident set size (kbytes): 285628
	Average resident set size (kbytes): 0
	Major (requiring I/O) page faults: 0
	Minor (reclaiming a frame) page faults: 1694370
	Voluntary context switches: 50809
	Involuntary context switches: 2864
	Swaps: 0
	File system inputs: 0
	File system outputs: 0
	Socket messages sent: 0
	Socket messages received: 0
	Signals delivered: 0
	Page size (bytes): 4096
	Exit status: 0
